This file contains any messages produced by compilers while
running configure, to aid debugging if configure makes a mistake.

It was created by FULL-PACKAGE-NAME configure VERSION, which was
generated by GNU Autoconf 2.69.  Invocation command line was

  $ ./configure 

## --------- ##
## Platform. ##
## --------- ##

hostname = alarmpi
uname -m = armv7l
uname -r = 4.1.13-1-ARCH
uname -s = Linux
uname -v = #1 SMP PREEMPT Fri Nov 13 20:11:44 MST 2015

/usr/bin/uname -p = unknown
/bin/uname -X     = unknown

/bin/arch              = unknown
/usr/bin/arch -k       = unknown
/usr/convex/getsysinfo = unknown
/usr/bin/hostinfo      = unknown
/bin/machine           = unknown
/usr/bin/oslevel       = unknown
/bin/universe          = unknown

PATH: /usr/local/sbin
PATH: /usr/local/bin
PATH: /usr/bin
PATH: /usr/bin/site_perl
PATH: /usr/bin/vendor_perl
PATH: /usr/bin/core_perl


## ----------- ##
## Core tests. ##
## ----------- ##

configure:2256: checking for g++
configure:2272: found /usr/bin/g++
configure:2283: result: g++
configure:2310: checking for C++ compiler version
configure:2319: g++ --version >&5
g++ (GCC) 5.2.0
Copyright (C) 2015 Free Software Foundation, Inc.
This is free software; see the source for copying conditions.  There is NO
warranty; not even for MERCHANTABILITY or FITNESS FOR A PARTICULAR PURPOSE.

configure:2330: $? = 0
configure:2319: g++ -v >&5
Using built-in specs.
COLLECT_GCC=g++
COLLECT_LTO_WRAPPER=/usr/lib/gcc/armv7l-unknown-linux-gnueabihf/5.2.0/lto-wrapper
Target: armv7l-unknown-linux-gnueabihf
Configured with: /build/gcc/src/gcc-5.2.0/configure --prefix=/usr --libdir=/usr/lib --libexecdir=/usr/lib --mandir=/usr/share/man --infodir=/usr/share/info --with-bugurl=https://github.com/archlinuxarm/PKGBUILDs/issues --enable-languages=c,c++,fortran,go,lto,objc,obj-c++ --enable-shared --enable-threads=posix --with-system-zlib --with-isl --enable-__cxa_atexit --disable-libunwind-exceptions --enable-clocale=gnu --disable-libstdcxx-pch --disable-libssp --enable-gnu-unique-object --enable-linker-build-id --enable-lto --enable-plugin --enable-install-libiberty --with-linker-hash-style=gnu --enable-gnu-indirect-function --disable-multilib --disable-werror --enable-checking=release --with-default-libstdcxx-abi=gcc4-compatible --host=armv7l-unknown-linux-gnueabihf --build=armv7l-unknown-linux-gnueabihf --with-arch=armv7-a --with-float=hard --with-fpu=vfpv3-d16
Thread model: posix
gcc version 5.2.0 (GCC) 
configure:2330: $? = 0
configure:2319: g++ -V >&5
g++: error: unrecognized command line option '-V'
g++: fatal error: no input files
compilation terminated.
configure:2330: $? = 1
configure:2319: g++ -qversion >&5
g++: error: unrecognized command line option '-qversion'
g++: fatal error: no input files
compilation terminated.
configure:2330: $? = 1
configure:2350: checking whether the C++ compiler works
configure:2372: g++    conftest.cpp  >&5
configure:2376: $? = 0
configure:2424: result: yes
configure:2427: checking for C++ compiler default output file name
configure:2429: result: a.out
configure:2435: checking for suffix of executables
configure:2442: g++ -o conftest    conftest.cpp  >&5
configure:2446: $? = 0
configure:2468: result: 
configure:2490: checking whether we are cross compiling
configure:2498: g++ -o conftest    conftest.cpp  >&5
configure:2502: $? = 0
configure:2509: ./conftest
configure:2513: $? = 0
configure:2528: result: no
configure:2533: checking for suffix of object files
configure:2555: g++ -c   conftest.cpp >&5
configure:2559: $? = 0
configure:2580: result: o
configure:2584: checking whether we are using the GNU C++ compiler
configure:2603: g++ -c   conftest.cpp >&5
configure:2603: $? = 0
configure:2612: result: yes
configure:2621: checking whether g++ accepts -g
configure:2641: g++ -c -g  conftest.cpp >&5
configure:2641: $? = 0
configure:2682: result: yes
configure:2753: checking for gcc
configure:2769: found /usr/bin/gcc
configure:2780: result: gcc
configure:3009: checking for C compiler version
configure:3018: gcc --version >&5
gcc (GCC) 5.2.0
Copyright (C) 2015 Free Software Foundation, Inc.
This is free software; see the source for copying conditions.  There is NO
warranty; not even for MERCHANTABILITY or FITNESS FOR A PARTICULAR PURPOSE.

configure:3029: $? = 0
configure:3018: gcc -v >&5
Using built-in specs.
COLLECT_GCC=gcc
COLLECT_LTO_WRAPPER=/usr/lib/gcc/armv7l-unknown-linux-gnueabihf/5.2.0/lto-wrapper
Target: armv7l-unknown-linux-gnueabihf
Configured with: /build/gcc/src/gcc-5.2.0/configure --prefix=/usr --libdir=/usr/lib --libexecdir=/usr/lib --mandir=/usr/share/man --infodir=/usr/share/info --with-bugurl=https://github.com/archlinuxarm/PKGBUILDs/issues --enable-languages=c,c++,fortran,go,lto,objc,obj-c++ --enable-shared --enable-threads=posix --with-system-zlib --with-isl --enable-__cxa_atexit --disable-libunwind-exceptions --enable-clocale=gnu --disable-libstdcxx-pch --disable-libssp --enable-gnu-unique-object --enable-linker-build-id --enable-lto --enable-plugin --enable-install-libiberty --with-linker-hash-style=gnu --enable-gnu-indirect-function --disable-multilib --disable-werror --enable-checking=release --with-default-libstdcxx-abi=gcc4-compatible --host=armv7l-unknown-linux-gnueabihf --build=armv7l-unknown-linux-gnueabihf --with-arch=armv7-a --with-float=hard --with-fpu=vfpv3-d16
Thread model: posix
gcc version 5.2.0 (GCC) 
configure:3029: $? = 0
configure:3018: gcc -V >&5
gcc: error: unrecognized command line option '-V'
gcc: fatal error: no input files
compilation terminated.
configure:3029: $? = 1
configure:3018: gcc -qversion >&5
gcc: error: unrecognized command line option '-qversion'
gcc: fatal error: no input files
compilation terminated.
configure:3029: $? = 1
configure:3033: checking whether we are using the GNU C compiler
configure:3052: gcc -c   conftest.c >&5
configure:3052: $? = 0
configure:3061: result: yes
configure:3070: checking whether gcc accepts -g
configure:3090: gcc -c -g  conftest.c >&5
configure:3090: $? = 0
configure:3131: result: yes
configure:3148: checking for gcc option to accept ISO C89
configure:3211: gcc  -c -g -O2  conftest.c >&5
configure:3211: $? = 0
configure:3224: result: none needed
configure:3249: checking how to run the C preprocessor
configure:3280: gcc -E  conftest.c
configure:3280: $? = 0
configure:3294: gcc -E  conftest.c
conftest.c:9:28: fatal error: ac_nonexistent.h: No such file or directory
compilation terminated.
configure:3294: $? = 1
configure: failed program was:
| /* confdefs.h */
| #define PACKAGE_NAME "FULL-PACKAGE-NAME"
| #define PACKAGE_TARNAME "full-package-name"
| #define PACKAGE_VERSION "VERSION"
| #define PACKAGE_STRING "FULL-PACKAGE-NAME VERSION"
| #define PACKAGE_BUGREPORT "BUG-REPORT-ADDRESS"
| #define PACKAGE_URL ""
| /* end confdefs.h.  */
| #include <ac_nonexistent.h>
configure:3319: result: gcc -E
configure:3339: gcc -E  conftest.c
configure:3339: $? = 0
configure:3353: gcc -E  conftest.c
conftest.c:9:28: fatal error: ac_nonexistent.h: No such file or directory
compilation terminated.
configure:3353: $? = 1
configure: failed program was:
| /* confdefs.h */
| #define PACKAGE_NAME "FULL-PACKAGE-NAME"
| #define PACKAGE_TARNAME "full-package-name"
| #define PACKAGE_VERSION "VERSION"
| #define PACKAGE_STRING "FULL-PACKAGE-NAME VERSION"
| #define PACKAGE_BUGREPORT "BUG-REPORT-ADDRESS"
| #define PACKAGE_URL ""
| /* end confdefs.h.  */
| #include <ac_nonexistent.h>
configure:3424: checking for a BSD-compatible install
configure:3492: result: /usr/bin/install -c
configure:3503: checking whether ln -s works
configure:3507: result: yes
configure:3514: checking whether make sets $(MAKE)
configure:3536: result: yes
configure:3588: checking for ranlib
configure:3604: found /usr/bin/ranlib
configure:3615: result: ranlib
configure:3643: checking for grep that handles long lines and -e
configure:3701: result: /usr/bin/grep
configure:3706: checking for egrep
configure:3768: result: /usr/bin/grep -E
configure:3773: checking for ANSI C header files
configure:3793: gcc -c -g -O2  conftest.c >&5
configure:3793: $? = 0
configure:3866: gcc -o conftest -g -O2   conftest.c  >&5
configure:3866: $? = 0
configure:3866: ./conftest
configure:3866: $? = 0
configure:3877: result: yes
configure:3890: checking for sys/types.h
configure:3890: gcc -c -g -O2  conftest.c >&5
configure:3890: $? = 0
configure:3890: result: yes
configure:3890: checking for sys/stat.h
configure:3890: gcc -c -g -O2  conftest.c >&5
configure:3890: $? = 0
configure:3890: result: yes
configure:3890: checking for stdlib.h
configure:3890: gcc -c -g -O2  conftest.c >&5
configure:3890: $? = 0
configure:3890: result: yes
configure:3890: checking for string.h
configure:3890: gcc -c -g -O2  conftest.c >&5
configure:3890: $? = 0
configure:3890: result: yes
configure:3890: checking for memory.h
configure:3890: gcc -c -g -O2  conftest.c >&5
configure:3890: $? = 0
configure:3890: result: yes
configure:3890: checking for strings.h
configure:3890: gcc -c -g -O2  conftest.c >&5
configure:3890: $? = 0
configure:3890: result: yes
configure:3890: checking for inttypes.h
configure:3890: gcc -c -g -O2  conftest.c >&5
configure:3890: $? = 0
configure:3890: result: yes
configure:3890: checking for stdint.h
configure:3890: gcc -c -g -O2  conftest.c >&5
configure:3890: $? = 0
configure:3890: result: yes
configure:3890: checking for unistd.h
configure:3890: gcc -c -g -O2  conftest.c >&5
configure:3890: $? = 0
configure:3890: result: yes
configure:3905: checking fcntl.h usability
configure:3905: gcc -c -g -O2  conftest.c >&5
configure:3905: $? = 0
configure:3905: result: yes
configure:3905: checking fcntl.h presence
configure:3905: gcc -E  conftest.c
configure:3905: $? = 0
configure:3905: result: yes
configure:3905: checking for fcntl.h
configure:3905: result: yes
configure:3905: checking float.h usability
configure:3905: gcc -c -g -O2  conftest.c >&5
configure:3905: $? = 0
configure:3905: result: yes
configure:3905: checking float.h presence
configure:3905: gcc -E  conftest.c
configure:3905: $? = 0
configure:3905: result: yes
configure:3905: checking for float.h
configure:3905: result: yes
configure:3905: checking limits.h usability
configure:3905: gcc -c -g -O2  conftest.c >&5
configure:3905: $? = 0
configure:3905: result: yes
configure:3905: checking limits.h presence
configure:3905: gcc -E  conftest.c
configure:3905: $? = 0
configure:3905: result: yes
configure:3905: checking for limits.h
configure:3905: result: yes
configure:3905: checking stddef.h usability
configure:3905: gcc -c -g -O2  conftest.c >&5
configure:3905: $? = 0
configure:3905: result: yes
configure:3905: checking stddef.h presence
configure:3905: gcc -E  conftest.c
configure:3905: $? = 0
configure:3905: result: yes
configure:3905: checking for stddef.h
configure:3905: result: yes
configure:3905: checking for stdint.h
configure:3905: result: yes
configure:3905: checking for stdlib.h
configure:3905: result: yes
configure:3905: checking for string.h
configure:3905: result: yes
configure:3905: checking sys/time.h usability
configure:3905: gcc -c -g -O2  conftest.c >&5
configure:3905: $? = 0
configure:3905: result: yes
configure:3905: checking sys/time.h presence
configure:3905: gcc -E  conftest.c
configure:3905: $? = 0
configure:3905: result: yes
configure:3905: checking for sys/time.h
configure:3905: result: yes
configure:3905: checking for unistd.h
configure:3905: result: yes
configure:3917: checking for stdbool.h that conforms to C99
configure:3984: gcc -c -g -O2  conftest.c >&5
configure:3984: $? = 0
configure:3991: result: yes
configure:3993: checking for _Bool
configure:3993: gcc -c -g -O2  conftest.c >&5
configure:3993: $? = 0
configure:3993: gcc -c -g -O2  conftest.c >&5
conftest.c: In function 'main':
conftest.c:64:20: error: expected expression before ')' token
 if (sizeof ((_Bool)))
                    ^
configure:3993: $? = 1
configure: failed program was:
| /* confdefs.h */
| #define PACKAGE_NAME "FULL-PACKAGE-NAME"
| #define PACKAGE_TARNAME "full-package-name"
| #define PACKAGE_VERSION "VERSION"
| #define PACKAGE_STRING "FULL-PACKAGE-NAME VERSION"
| #define PACKAGE_BUGREPORT "BUG-REPORT-ADDRESS"
| #define PACKAGE_URL ""
| #define STDC_HEADERS 1
| #define HAVE_SYS_TYPES_H 1
| #define HAVE_SYS_STAT_H 1
| #define HAVE_STDLIB_H 1
| #define HAVE_STRING_H 1
| #define HAVE_MEMORY_H 1
| #define HAVE_STRINGS_H 1
| #define HAVE_INTTYPES_H 1
| #define HAVE_STDINT_H 1
| #define HAVE_UNISTD_H 1
| #define HAVE_FCNTL_H 1
| #define HAVE_FLOAT_H 1
| #define HAVE_LIMITS_H 1
| #define HAVE_STDDEF_H 1
| #define HAVE_STDINT_H 1
| #define HAVE_STDLIB_H 1
| #define HAVE_STRING_H 1
| #define HAVE_SYS_TIME_H 1
| #define HAVE_UNISTD_H 1
| /* end confdefs.h.  */
| #include <stdio.h>
| #ifdef HAVE_SYS_TYPES_H
| # include <sys/types.h>
| #endif
| #ifdef HAVE_SYS_STAT_H
| # include <sys/stat.h>
| #endif
| #ifdef STDC_HEADERS
| # include <stdlib.h>
| # include <stddef.h>
| #else
| # ifdef HAVE_STDLIB_H
| #  include <stdlib.h>
| # endif
| #endif
| #ifdef HAVE_STRING_H
| # if !defined STDC_HEADERS && defined HAVE_MEMORY_H
| #  include <memory.h>
| # endif
| # include <string.h>
| #endif
| #ifdef HAVE_STRINGS_H
| # include <strings.h>
| #endif
| #ifdef HAVE_INTTYPES_H
| # include <inttypes.h>
| #endif
| #ifdef HAVE_STDINT_H
| # include <stdint.h>
| #endif
| #ifdef HAVE_UNISTD_H
| # include <unistd.h>
| #endif
| int
| main ()
| {
| if (sizeof ((_Bool)))
| 	    return 0;
|   ;
|   return 0;
| }
configure:3993: result: yes
configure:4004: checking for size_t
configure:4004: gcc -c -g -O2  conftest.c >&5
configure:4004: $? = 0
configure:4004: gcc -c -g -O2  conftest.c >&5
conftest.c: In function 'main':
conftest.c:65:21: error: expected expression before ')' token
 if (sizeof ((size_t)))
                     ^
configure:4004: $? = 1
configure: failed program was:
| /* confdefs.h */
| #define PACKAGE_NAME "FULL-PACKAGE-NAME"
| #define PACKAGE_TARNAME "full-package-name"
| #define PACKAGE_VERSION "VERSION"
| #define PACKAGE_STRING "FULL-PACKAGE-NAME VERSION"
| #define PACKAGE_BUGREPORT "BUG-REPORT-ADDRESS"
| #define PACKAGE_URL ""
| #define STDC_HEADERS 1
| #define HAVE_SYS_TYPES_H 1
| #define HAVE_SYS_STAT_H 1
| #define HAVE_STDLIB_H 1
| #define HAVE_STRING_H 1
| #define HAVE_MEMORY_H 1
| #define HAVE_STRINGS_H 1
| #define HAVE_INTTYPES_H 1
| #define HAVE_STDINT_H 1
| #define HAVE_UNISTD_H 1
| #define HAVE_FCNTL_H 1
| #define HAVE_FLOAT_H 1
| #define HAVE_LIMITS_H 1
| #define HAVE_STDDEF_H 1
| #define HAVE_STDINT_H 1
| #define HAVE_STDLIB_H 1
| #define HAVE_STRING_H 1
| #define HAVE_SYS_TIME_H 1
| #define HAVE_UNISTD_H 1
| #define HAVE__BOOL 1
| /* end confdefs.h.  */
| #include <stdio.h>
| #ifdef HAVE_SYS_TYPES_H
| # include <sys/types.h>
| #endif
| #ifdef HAVE_SYS_STAT_H
| # include <sys/stat.h>
| #endif
| #ifdef STDC_HEADERS
| # include <stdlib.h>
| # include <stddef.h>
| #else
| # ifdef HAVE_STDLIB_H
| #  include <stdlib.h>
| # endif
| #endif
| #ifdef HAVE_STRING_H
| # if !defined STDC_HEADERS && defined HAVE_MEMORY_H
| #  include <memory.h>
| # endif
| # include <string.h>
| #endif
| #ifdef HAVE_STRINGS_H
| # include <strings.h>
| #endif
| #ifdef HAVE_INTTYPES_H
| # include <inttypes.h>
| #endif
| #ifdef HAVE_STDINT_H
| # include <stdint.h>
| #endif
| #ifdef HAVE_UNISTD_H
| # include <unistd.h>
| #endif
| int
| main ()
| {
| if (sizeof ((size_t)))
| 	    return 0;
|   ;
|   return 0;
| }
configure:4004: result: yes
configure:4019: checking for stdlib.h
configure:4019: result: yes
configure:4029: checking for GNU libc compatible malloc
configure:4053: gcc -o conftest -g -O2   conftest.c  >&5
configure:4053: $? = 0
configure:4053: ./conftest
configure:4053: $? = 0
configure:4063: result: yes
configure:4086: checking for stdlib.h
configure:4086: result: yes
configure:4096: checking for GNU libc compatible realloc
configure:4120: gcc -o conftest -g -O2   conftest.c  >&5
configure:4120: $? = 0
configure:4120: ./conftest
configure:4120: $? = 0
configure:4130: result: yes
configure:4154: checking for atexit
configure:4154: gcc -o conftest -g -O2   conftest.c  >&5
configure:4154: $? = 0
configure:4154: result: yes
configure:4154: checking for floor
configure:4154: gcc -o conftest -g -O2   conftest.c  >&5
conftest.c:57:6: warning: conflicting types for built-in function 'floor'
 char floor ();
      ^
/tmp/ccSqClbP.o: In function `main':
/home/xb/jasper-arm/conftest.c:68: undefined reference to `floor'
collect2: error: ld returned 1 exit status
configure:4154: $? = 1
configure: failed program was:
| /* confdefs.h */
| #define PACKAGE_NAME "FULL-PACKAGE-NAME"
| #define PACKAGE_TARNAME "full-package-name"
| #define PACKAGE_VERSION "VERSION"
| #define PACKAGE_STRING "FULL-PACKAGE-NAME VERSION"
| #define PACKAGE_BUGREPORT "BUG-REPORT-ADDRESS"
| #define PACKAGE_URL ""
| #define STDC_HEADERS 1
| #define HAVE_SYS_TYPES_H 1
| #define HAVE_SYS_STAT_H 1
| #define HAVE_STDLIB_H 1
| #define HAVE_STRING_H 1
| #define HAVE_MEMORY_H 1
| #define HAVE_STRINGS_H 1
| #define HAVE_INTTYPES_H 1
| #define HAVE_STDINT_H 1
| #define HAVE_UNISTD_H 1
| #define HAVE_FCNTL_H 1
| #define HAVE_FLOAT_H 1
| #define HAVE_LIMITS_H 1
| #define HAVE_STDDEF_H 1
| #define HAVE_STDINT_H 1
| #define HAVE_STDLIB_H 1
| #define HAVE_STRING_H 1
| #define HAVE_SYS_TIME_H 1
| #define HAVE_UNISTD_H 1
| #define HAVE__BOOL 1
| #define HAVE_STDLIB_H 1
| #define HAVE_MALLOC 1
| #define HAVE_STDLIB_H 1
| #define HAVE_REALLOC 1
| #define HAVE_ATEXIT 1
| /* end confdefs.h.  */
| /* Define floor to an innocuous variant, in case <limits.h> declares floor.
|    For example, HP-UX 11i <limits.h> declares gettimeofday.  */
| #define floor innocuous_floor
| 
| /* System header to define __stub macros and hopefully few prototypes,
|     which can conflict with char floor (); below.
|     Prefer <limits.h> to <assert.h> if __STDC__ is defined, since
|     <limits.h> exists even on freestanding compilers.  */
| 
| #ifdef __STDC__
| # include <limits.h>
| #else
| # include <assert.h>
| #endif
| 
| #undef floor
| 
| /* Override any GCC internal prototype to avoid an error.
|    Use char because int might match the return type of a GCC
|    builtin and then its argument prototype would still apply.  */
| #ifdef __cplusplus
| extern "C"
| #endif
| char floor ();
| /* The GNU C library defines this for functions which it implements
|     to always fail with ENOSYS.  Some functions are actually named
|     something starting with __ and the normal name is an alias.  */
| #if defined __stub_floor || defined __stub___floor
| choke me
| #endif
| 
| int
| main ()
| {
| return floor ();
|   ;
|   return 0;
| }
configure:4154: result: no
configure:4154: checking for gettimeofday
configure:4154: gcc -o conftest -g -O2   conftest.c  >&5
configure:4154: $? = 0
configure:4154: result: yes
configure:4154: checking for memmove
configure:4154: gcc -o conftest -g -O2   conftest.c  >&5
conftest.c:58:6: warning: conflicting types for built-in function 'memmove'
 char memmove ();
      ^
configure:4154: $? = 0
configure:4154: result: yes
configure:4154: checking for memset
configure:4154: gcc -o conftest -g -O2   conftest.c  >&5
conftest.c:59:6: warning: conflicting types for built-in function 'memset'
 char memset ();
      ^
configure:4154: $? = 0
configure:4154: result: yes
configure:4154: checking for pow
configure:4154: gcc -o conftest -g -O2   conftest.c  >&5
conftest.c:60:6: warning: conflicting types for built-in function 'pow'
 char pow ();
      ^
/tmp/ccgy05f5.o: In function `main':
/home/xb/jasper-arm/conftest.c:71: undefined reference to `pow'
collect2: error: ld returned 1 exit status
configure:4154: $? = 1
configure: failed program was:
| /* confdefs.h */
| #define PACKAGE_NAME "FULL-PACKAGE-NAME"
| #define PACKAGE_TARNAME "full-package-name"
| #define PACKAGE_VERSION "VERSION"
| #define PACKAGE_STRING "FULL-PACKAGE-NAME VERSION"
| #define PACKAGE_BUGREPORT "BUG-REPORT-ADDRESS"
| #define PACKAGE_URL ""
| #define STDC_HEADERS 1
| #define HAVE_SYS_TYPES_H 1
| #define HAVE_SYS_STAT_H 1
| #define HAVE_STDLIB_H 1
| #define HAVE_STRING_H 1
| #define HAVE_MEMORY_H 1
| #define HAVE_STRINGS_H 1
| #define HAVE_INTTYPES_H 1
| #define HAVE_STDINT_H 1
| #define HAVE_UNISTD_H 1
| #define HAVE_FCNTL_H 1
| #define HAVE_FLOAT_H 1
| #define HAVE_LIMITS_H 1
| #define HAVE_STDDEF_H 1
| #define HAVE_STDINT_H 1
| #define HAVE_STDLIB_H 1
| #define HAVE_STRING_H 1
| #define HAVE_SYS_TIME_H 1
| #define HAVE_UNISTD_H 1
| #define HAVE__BOOL 1
| #define HAVE_STDLIB_H 1
| #define HAVE_MALLOC 1
| #define HAVE_STDLIB_H 1
| #define HAVE_REALLOC 1
| #define HAVE_ATEXIT 1
| #define HAVE_GETTIMEOFDAY 1
| #define HAVE_MEMMOVE 1
| #define HAVE_MEMSET 1
| /* end confdefs.h.  */
| /* Define pow to an innocuous variant, in case <limits.h> declares pow.
|    For example, HP-UX 11i <limits.h> declares gettimeofday.  */
| #define pow innocuous_pow
| 
| /* System header to define __stub macros and hopefully few prototypes,
|     which can conflict with char pow (); below.
|     Prefer <limits.h> to <assert.h> if __STDC__ is defined, since
|     <limits.h> exists even on freestanding compilers.  */
| 
| #ifdef __STDC__
| # include <limits.h>
| #else
| # include <assert.h>
| #endif
| 
| #undef pow
| 
| /* Override any GCC internal prototype to avoid an error.
|    Use char because int might match the return type of a GCC
|    builtin and then its argument prototype would still apply.  */
| #ifdef __cplusplus
| extern "C"
| #endif
| char pow ();
| /* The GNU C library defines this for functions which it implements
|     to always fail with ENOSYS.  Some functions are actually named
|     something starting with __ and the normal name is an alias.  */
| #if defined __stub_pow || defined __stub___pow
| choke me
| #endif
| 
| int
| main ()
| {
| return pow ();
|   ;
|   return 0;
| }
configure:4154: result: no
configure:4154: checking for sqrt
configure:4154: gcc -o conftest -g -O2   conftest.c  >&5
conftest.c:60:6: warning: conflicting types for built-in function 'sqrt'
 char sqrt ();
      ^
/tmp/ccQSOPS2.o: In function `main':
/home/xb/jasper-arm/conftest.c:71: undefined reference to `sqrt'
collect2: error: ld returned 1 exit status
configure:4154: $? = 1
configure: failed program was:
| /* confdefs.h */
| #define PACKAGE_NAME "FULL-PACKAGE-NAME"
| #define PACKAGE_TARNAME "full-package-name"
| #define PACKAGE_VERSION "VERSION"
| #define PACKAGE_STRING "FULL-PACKAGE-NAME VERSION"
| #define PACKAGE_BUGREPORT "BUG-REPORT-ADDRESS"
| #define PACKAGE_URL ""
| #define STDC_HEADERS 1
| #define HAVE_SYS_TYPES_H 1
| #define HAVE_SYS_STAT_H 1
| #define HAVE_STDLIB_H 1
| #define HAVE_STRING_H 1
| #define HAVE_MEMORY_H 1
| #define HAVE_STRINGS_H 1
| #define HAVE_INTTYPES_H 1
| #define HAVE_STDINT_H 1
| #define HAVE_UNISTD_H 1
| #define HAVE_FCNTL_H 1
| #define HAVE_FLOAT_H 1
| #define HAVE_LIMITS_H 1
| #define HAVE_STDDEF_H 1
| #define HAVE_STDINT_H 1
| #define HAVE_STDLIB_H 1
| #define HAVE_STRING_H 1
| #define HAVE_SYS_TIME_H 1
| #define HAVE_UNISTD_H 1
| #define HAVE__BOOL 1
| #define HAVE_STDLIB_H 1
| #define HAVE_MALLOC 1
| #define HAVE_STDLIB_H 1
| #define HAVE_REALLOC 1
| #define HAVE_ATEXIT 1
| #define HAVE_GETTIMEOFDAY 1
| #define HAVE_MEMMOVE 1
| #define HAVE_MEMSET 1
| /* end confdefs.h.  */
| /* Define sqrt to an innocuous variant, in case <limits.h> declares sqrt.
|    For example, HP-UX 11i <limits.h> declares gettimeofday.  */
| #define sqrt innocuous_sqrt
| 
| /* System header to define __stub macros and hopefully few prototypes,
|     which can conflict with char sqrt (); below.
|     Prefer <limits.h> to <assert.h> if __STDC__ is defined, since
|     <limits.h> exists even on freestanding compilers.  */
| 
| #ifdef __STDC__
| # include <limits.h>
| #else
| # include <assert.h>
| #endif
| 
| #undef sqrt
| 
| /* Override any GCC internal prototype to avoid an error.
|    Use char because int might match the return type of a GCC
|    builtin and then its argument prototype would still apply.  */
| #ifdef __cplusplus
| extern "C"
| #endif
| char sqrt ();
| /* The GNU C library defines this for functions which it implements
|     to always fail with ENOSYS.  Some functions are actually named
|     something starting with __ and the normal name is an alias.  */
| #if defined __stub_sqrt || defined __stub___sqrt
| choke me
| #endif
| 
| int
| main ()
| {
| return sqrt ();
|   ;
|   return 0;
| }
configure:4154: result: no
configure:4154: checking for strchr
configure:4154: gcc -o conftest -g -O2   conftest.c  >&5
conftest.c:60:6: warning: conflicting types for built-in function 'strchr'
 char strchr ();
      ^
configure:4154: $? = 0
configure:4154: result: yes
configure:4154: checking for strrchr
configure:4154: gcc -o conftest -g -O2   conftest.c  >&5
conftest.c:61:6: warning: conflicting types for built-in function 'strrchr'
 char strrchr ();
      ^
configure:4154: $? = 0
configure:4154: result: yes
configure:4280: creating ./config.status

## ---------------------- ##
## Running config.status. ##
## ---------------------- ##

This file was extended by FULL-PACKAGE-NAME config.status VERSION, which was
generated by GNU Autoconf 2.69.  Invocation command line was

  CONFIG_FILES    = 
  CONFIG_HEADERS  = 
  CONFIG_LINKS    = 
  CONFIG_COMMANDS = 
  $ ./config.status 

on alarmpi

config.status:837: creating src/libjasper/base/Makefile
config.status:940: WARNING:  'src/libjasper/base/Makefile.in' seems to ignore the --datarootdir setting
config.status:837: creating src/libjasper/bmp/Makefile
config.status:940: WARNING:  'src/libjasper/bmp/Makefile.in' seems to ignore the --datarootdir setting
config.status:837: creating src/libjasper/include/Makefile
config.status:940: WARNING:  'src/libjasper/include/Makefile.in' seems to ignore the --datarootdir setting
config.status:837: creating src/libjasper/include/jasper/Makefile
config.status:940: WARNING:  'src/libjasper/include/jasper/Makefile.in' seems to ignore the --datarootdir setting
config.status:837: creating src/libjasper/jp2/Makefile
config.status:940: WARNING:  'src/libjasper/jp2/Makefile.in' seems to ignore the --datarootdir setting
config.status:837: creating src/libjasper/jpc/Makefile
config.status:940: WARNING:  'src/libjasper/jpc/Makefile.in' seems to ignore the --datarootdir setting
config.status:837: creating src/libjasper/jpg/Makefile
config.status:940: WARNING:  'src/libjasper/jpg/Makefile.in' seems to ignore the --datarootdir setting
config.status:837: creating src/libjasper/mif/Makefile
config.status:940: WARNING:  'src/libjasper/mif/Makefile.in' seems to ignore the --datarootdir setting
config.status:837: creating src/libjasper/pgx/Makefile
config.status:940: WARNING:  'src/libjasper/pgx/Makefile.in' seems to ignore the --datarootdir setting
config.status:837: creating src/libjasper/pnm/Makefile
config.status:940: WARNING:  'src/libjasper/pnm/Makefile.in' seems to ignore the --datarootdir setting
config.status:837: creating src/libjasper/ras/Makefile
config.status:940: WARNING:  'src/libjasper/ras/Makefile.in' seems to ignore the --datarootdir setting
config.status:823: error: cannot find input file: `config.h.in'

## ---------------- ##
## Cache variables. ##
## ---------------- ##

ac_cv_c_compiler_gnu=yes
ac_cv_cxx_compiler_gnu=yes
ac_cv_env_CCC_set=
ac_cv_env_CCC_value=
ac_cv_env_CC_set=
ac_cv_env_CC_value=
ac_cv_env_CFLAGS_set=
ac_cv_env_CFLAGS_value=
ac_cv_env_CPPFLAGS_set=
ac_cv_env_CPPFLAGS_value=
ac_cv_env_CPP_set=
ac_cv_env_CPP_value=
ac_cv_env_CXXFLAGS_set=
ac_cv_env_CXXFLAGS_value=
ac_cv_env_CXX_set=
ac_cv_env_CXX_value=
ac_cv_env_LDFLAGS_set=
ac_cv_env_LDFLAGS_value=
ac_cv_env_LIBS_set=
ac_cv_env_LIBS_value=
ac_cv_env_build_alias_set=
ac_cv_env_build_alias_value=
ac_cv_env_host_alias_set=
ac_cv_env_host_alias_value=
ac_cv_env_target_alias_set=
ac_cv_env_target_alias_value=
ac_cv_func_atexit=yes
ac_cv_func_floor=no
ac_cv_func_gettimeofday=yes
ac_cv_func_malloc_0_nonnull=yes
ac_cv_func_memmove=yes
ac_cv_func_memset=yes
ac_cv_func_pow=no
ac_cv_func_realloc_0_nonnull=yes
ac_cv_func_sqrt=no
ac_cv_func_strchr=yes
ac_cv_func_strrchr=yes
ac_cv_header_fcntl_h=yes
ac_cv_header_float_h=yes
ac_cv_header_inttypes_h=yes
ac_cv_header_limits_h=yes
ac_cv_header_memory_h=yes
ac_cv_header_stdbool_h=yes
ac_cv_header_stdc=yes
ac_cv_header_stddef_h=yes
ac_cv_header_stdint_h=yes
ac_cv_header_stdlib_h=yes
ac_cv_header_string_h=yes
ac_cv_header_strings_h=yes
ac_cv_header_sys_stat_h=yes
ac_cv_header_sys_time_h=yes
ac_cv_header_sys_types_h=yes
ac_cv_header_unistd_h=yes
ac_cv_objext=o
ac_cv_path_EGREP='/usr/bin/grep -E'
ac_cv_path_GREP=/usr/bin/grep
ac_cv_path_install='/usr/bin/install -c'
ac_cv_prog_CPP='gcc -E'
ac_cv_prog_ac_ct_CC=gcc
ac_cv_prog_ac_ct_CXX=g++
ac_cv_prog_ac_ct_RANLIB=ranlib
ac_cv_prog_cc_c89=
ac_cv_prog_cc_g=yes
ac_cv_prog_cxx_g=yes
ac_cv_prog_make_make_set=yes
ac_cv_type__Bool=yes
ac_cv_type_size_t=yes

## ----------------- ##
## Output variables. ##
## ----------------- ##

CC='gcc'
CFLAGS='-g -O2'
CPP='gcc -E'
CPPFLAGS=''
CXX='g++'
CXXFLAGS='-g -O2'
DEFS='-DHAVE_CONFIG_H'
ECHO_C=''
ECHO_N='-n'
ECHO_T=''
EGREP='/usr/bin/grep -E'
EXEEXT=''
GREP='/usr/bin/grep'
INSTALL_DATA='${INSTALL} -m 644'
INSTALL_PROGRAM='${INSTALL}'
INSTALL_SCRIPT='${INSTALL}'
LDFLAGS=''
LIBOBJS=''
LIBS=''
LN_S='ln -s'
LTLIBOBJS=''
OBJEXT='o'
PACKAGE_BUGREPORT='BUG-REPORT-ADDRESS'
PACKAGE_NAME='FULL-PACKAGE-NAME'
PACKAGE_STRING='FULL-PACKAGE-NAME VERSION'
PACKAGE_TARNAME='full-package-name'
PACKAGE_URL=''
PACKAGE_VERSION='VERSION'
PATH_SEPARATOR=':'
RANLIB='ranlib'
SET_MAKE=''
SHELL='/bin/sh'
ac_ct_CC='gcc'
ac_ct_CXX='g++'
bindir='${exec_prefix}/bin'
build_alias=''
datadir='${datarootdir}'
datarootdir='${prefix}/share'
docdir='${datarootdir}/doc/${PACKAGE_TARNAME}'
dvidir='${docdir}'
exec_prefix='${prefix}'
host_alias=''
htmldir='${docdir}'
includedir='${prefix}/include'
infodir='${datarootdir}/info'
libdir='${exec_prefix}/lib'
libexecdir='${exec_prefix}/libexec'
localedir='${datarootdir}/locale'
localstatedir='${prefix}/var'
mandir='${datarootdir}/man'
oldincludedir='/usr/include'
pdfdir='${docdir}'
prefix='/usr/local'
program_transform_name='s,x,x,'
psdir='${docdir}'
sbindir='${exec_prefix}/sbin'
sharedstatedir='${prefix}/com'
sysconfdir='${prefix}/etc'
target_alias=''

## ----------- ##
## confdefs.h. ##
## ----------- ##

/* confdefs.h */
#define PACKAGE_NAME "FULL-PACKAGE-NAME"
#define PACKAGE_TARNAME "full-package-name"
#define PACKAGE_VERSION "VERSION"
#define PACKAGE_STRING "FULL-PACKAGE-NAME VERSION"
#define PACKAGE_BUGREPORT "BUG-REPORT-ADDRESS"
#define PACKAGE_URL ""
#define STDC_HEADERS 1
#define HAVE_SYS_TYPES_H 1
#define HAVE_SYS_STAT_H 1
#define HAVE_STDLIB_H 1
#define HAVE_STRING_H 1
#define HAVE_MEMORY_H 1
#define HAVE_STRINGS_H 1
#define HAVE_INTTYPES_H 1
#define HAVE_STDINT_H 1
#define HAVE_UNISTD_H 1
#define HAVE_FCNTL_H 1
#define HAVE_FLOAT_H 1
#define HAVE_LIMITS_H 1
#define HAVE_STDDEF_H 1
#define HAVE_STDINT_H 1
#define HAVE_STDLIB_H 1
#define HAVE_STRING_H 1
#define HAVE_SYS_TIME_H 1
#define HAVE_UNISTD_H 1
#define HAVE__BOOL 1
#define HAVE_STDLIB_H 1
#define HAVE_MALLOC 1
#define HAVE_STDLIB_H 1
#define HAVE_REALLOC 1
#define HAVE_ATEXIT 1
#define HAVE_GETTIMEOFDAY 1
#define HAVE_MEMMOVE 1
#define HAVE_MEMSET 1
#define HAVE_STRCHR 1
#define HAVE_STRRCHR 1

configure: exit 1
